2020-11-11 11:09:29.009  INFO 16204 --- [main] com.user.lanhu.galaxy.UserApplication    : Starting UserApplication on DESKTOP-F2AC5IH with PID 16204 (D:\works\workspaces\lanhu\user\target\classes started by jzhao in D:\works\workspaces\lanhu)
2020-11-11 11:09:29.014  INFO 16204 --- [main] com.user.lanhu.galaxy.UserApplication    : No active profile set, falling back to default profiles: default
2020-11-11 11:09:31.239  INFO 16204 --- [main] trationDelegate$BeanPostProcessorChecker : Bean 'org.springframework.ws.config.annotation.DelegatingWsConfiguration' of type [org.springframework.ws.config.annotation.DelegatingWsConfiguration$$EnhancerBySpringCGLIB$$20424f1a] is not eligible for getting processed by all BeanPostProcessors (for example: not eligible for auto-proxying)
2020-11-11 11:09:31.349  INFO 16204 --- [main] .w.s.a.s.AnnotationActionEndpointMapping : Supporting [WS-Addressing August 2004, WS-Addressing 1.0]
2020-11-11 11:09:33.613  INFO 16204 --- [main] o.s.b.w.embedded.tomcat.TomcatWebServer  : Tomcat initialized with port(s): 8080 (http)
2020-11-11 11:09:33.639  INFO 16204 --- [main] o.apache.catalina.core.StandardService   : Starting service [Tomcat]
2020-11-11 11:09:33.640  INFO 16204 --- [main] org.apache.catalina.core.StandardEngine  : Starting Servlet engine: [Apache Tomcat/9.0.39]
2020-11-11 11:09:33.858  INFO 16204 --- [main] o.a.c.c.C.[Tomcat].[localhost].[/]       : Initializing Spring embedded WebApplicationContext
2020-11-11 11:09:33.859  INFO 16204 --- [main] w.s.c.ServletWebServerApplicationContext : Root WebApplicationContext: initialization completed in 4729 ms
2020-11-11 11:09:34.167  INFO 16204 --- [main] com.zaxxer.hikari.HikariDataSource       : HikariPool-1 - Starting...
2020-11-11 11:09:34.653  INFO 16204 --- [main] com.zaxxer.hikari.HikariDataSource       : HikariPool-1 - Start completed.
2020-11-11 11:09:35.930  INFO 16204 --- [main] o.s.s.concurrent.ThreadPoolTaskExecutor  : Initializing ExecutorService 'applicationTaskExecutor'
2020-11-11 11:09:36.611  INFO 16204 --- [main] o.s.b.w.embedded.tomcat.TomcatWebServer  : Tomcat started on port(s): 8080 (http) with context path ''
2020-11-11 11:09:36.626  INFO 16204 --- [main] com.user.lanhu.galaxy.UserApplication    : Started UserApplication in 8.502 seconds (JVM running for 9.641)
2020-11-11 11:10:53.510  INFO 15836 --- [main] com.user.lanhu.galaxy.UserApplication    : Starting UserApplication on DESKTOP-F2AC5IH with PID 15836 (D:\works\workspaces\lanhu\user\target\classes started by jzhao in D:\works\workspaces\lanhu)
2020-11-11 11:10:53.515  INFO 15836 --- [main] com.user.lanhu.galaxy.UserApplication    : No active profile set, falling back to default profiles: default
2020-11-11 11:10:55.809  INFO 15836 --- [main] trationDelegate$BeanPostProcessorChecker : Bean 'org.springframework.ws.config.annotation.DelegatingWsConfiguration' of type [org.springframework.ws.config.annotation.DelegatingWsConfiguration$$EnhancerBySpringCGLIB$$20424f1a] is not eligible for getting processed by all BeanPostProcessors (for example: not eligible for auto-proxying)
2020-11-11 11:10:55.932  INFO 15836 --- [main] .w.s.a.s.AnnotationActionEndpointMapping : Supporting [WS-Addressing August 2004, WS-Addressing 1.0]
2020-11-11 11:10:58.927  INFO 15836 --- [main] o.s.b.w.embedded.tomcat.TomcatWebServer  : Tomcat initialized with port(s): 8080 (http)
2020-11-11 11:10:58.952  INFO 15836 --- [main] o.apache.catalina.core.StandardService   : Starting service [Tomcat]
2020-11-11 11:10:58.953  INFO 15836 --- [main] org.apache.catalina.core.StandardEngine  : Starting Servlet engine: [Apache Tomcat/9.0.39]
2020-11-11 11:10:59.210  INFO 15836 --- [main] o.a.c.c.C.[Tomcat].[localhost].[/]       : Initializing Spring embedded WebApplicationContext
2020-11-11 11:10:59.211  INFO 15836 --- [main] w.s.c.ServletWebServerApplicationContext : Root WebApplicationContext: initialization completed in 5581 ms
2020-11-11 11:10:59.504  INFO 15836 --- [main] com.zaxxer.hikari.HikariDataSource       : HikariPool-1 - Starting...
2020-11-11 11:10:59.697  INFO 15836 --- [main] com.zaxxer.hikari.HikariDataSource       : HikariPool-1 - Start completed.
2020-11-11 11:11:00.757  INFO 15836 --- [main] o.s.s.concurrent.ThreadPoolTaskExecutor  : Initializing ExecutorService 'applicationTaskExecutor'
2020-11-11 11:11:01.282  INFO 15836 --- [main] o.s.b.w.embedded.tomcat.TomcatWebServer  : Tomcat started on port(s): 8080 (http) with context path ''
2020-11-11 11:11:01.302  INFO 15836 --- [main] com.user.lanhu.galaxy.UserApplication    : Started UserApplication in 8.64 seconds (JVM running for 9.856)
2020-11-11 11:11:01.307  INFO 15836 --- [main] com.user.lanhu.galaxy.UserApplication    : this is a info message
2020-11-11 11:11:01.307  WARN 15836 --- [main] com.user.lanhu.galaxy.UserApplication    : this is a warn message
2020-11-11 11:11:01.307 ERROR 15836 --- [main] com.user.lanhu.galaxy.UserApplication    : this is a error message
